#
# A fatal error has been detected by the Java Runtime Environment:
#
#  EXCEPTION_ACCESS_VIOLATION (0xc0000005) at pc=0x00007ffebd6d6449, pid=24176, tid=6640
#
# JRE version: Java(TM) SE Runtime Environment (12.0.2+10) (build 12.0.2+10)
# Java VM: Java HotSpot(TM) 64-Bit Server VM (12.0.2+10, mixed mode, sharing, tiered, compressed oops, g1 gc, windows-amd64)
# Problematic frame:
# V  [jvm.dll+0x3e6449]
#
# No core dump will be written. Minidumps are not enabled by default on client versions of Windows
#
# If you would like to submit a bug report, please visit:
#   http://bugreport.java.com/bugreport/crash.jsp
#

---------------  S U M M A R Y ------------

Command Line: -Dfile.encoding=Cp1252 com.sun.javafx.webkit.drt.DumpRenderTree

Host: Intel(R) Core(TM) i3-7100U CPU @ 2.40GHz, 4 cores, 5G,  Windows 10 , 64 bit Build 18362 (10.0.18362.329)
Time: Mon Feb 24 01:54:09 2020 Europe de l?Ouest elapsed time: 0 seconds (0d 0h 0m 0s)

---------------  T H R E A D  ---------------

Current thread (0x0000029a4371e800):  JavaThread "JavaFX Application Thread" [_thread_in_vm, id=6640, stack(0x000000de6d900000,0x000000de6da00000)]

Stack: [0x000000de6d900000,0x000000de6da00000],  sp=0x000000de6d9fe2d0,  free space=1016k
Native frames: (J=compiled Java code, j=interpreted, Vv=VM code, C=native code)
V  [jvm.dll+0x3e6449]
C  [jfxwebkit.dll+0x7feac]

Java frames: (J=compiled Java code, j=interpreted, Vv=VM code)
j  com.sun.webkit.WebPage.twkCreatePage(Z)J+0
j  com.sun.webkit.WebPage.<init>(Lcom/sun/webkit/WebPageClient;Lcom/sun/webkit/UIClient;Lcom/sun/webkit/PolicyClient;Lcom/sun/webkit/InspectorClient;Lcom/sun/webkit/ThemeClient;Z)V+178
j  javafx.scene.web.WebEngine.<init>(Ljava/lang/String;Z)V+275
j  javafx.scene.web.WebEngine.<init>()V+3
j  com.sun.javafx.webkit.drt.DumpRenderTree.lambda$initPlatform$57(Ljava/util/concurrent/CountDownLatch;)V+4
j  com.sun.javafx.webkit.drt.DumpRenderTree$$Lambda$10.run()V+4
j  com.sun.javafx.application.PlatformImpl.lambda$startup$172(Ljava/lang/Runnable;)V+7
j  com.sun.javafx.application.PlatformImpl$$Lambda$38.run()V+4
j  com.sun.glass.ui.Application.invokeAndWait(Ljava/lang/Runnable;)V+12
j  com.sun.javafx.tk.quantum.QuantumToolkit.runToolkit()V+105
j  com.sun.javafx.tk.quantum.QuantumToolkit.lambda$startup$404()V+1
j  com.sun.javafx.tk.quantum.QuantumToolkit$$Lambda$39.run()V+4
j  com.sun.glass.ui.Application.lambda$run$39(Ljava/lang/Runnable;)V+4
j  com.sun.glass.ui.Application$$Lambda$42.run()V+4
v  ~StubRoutines::call_stub
j  com.sun.glass.ui.win.WinApplication._runLoop(Ljava/lang/Runnable;)V+0
j  com.sun.glass.ui.win.WinApplication.lambda$null$149(ILjava/lang/Runnable;)V+8
j  com.sun.glass.ui.win.WinApplication$$Lambda$46.run()V+12
j  java.lang.Thread.run()V+11 java.base@12.0.2
v  ~StubRoutines::call_stub

siginfo: EXCEPTION_ACCESS_VIOLATION (0xc0000005), reading address 0x0000000000000000


Register to memory mapping:

RIP=0x00007ffebd6d6449 jvm.dll
RAX=0x0 is NULL
RBX=0x0000029a4371e800 is a thread
RCX=0xfe350145d7e90000 is an unknown value
RDX=0x0000000000000006 is an unknown value
RSP=0x000000de6d9fe2d0 is pointing into the stack for thread: 0x0000029a4371e800
RBP=0x0000029a429c5d50 is a global jni handle
RSI=0x00007ffeb181de00 jfxwebkit.dll
RDI=0x0000029a4371e800 is a thread
R8 =0x0 is NULL
R9 =0x000000de6d9fe3d8 is pointing into the stack for thread: 0x0000029a4371e800
R10=0x000000de6d9fde64 is pointing into the stack for thread: 0x0000029a4371e800
R11=0x000000de6d9fe2c8 is pointing into the stack for thread: 0x0000029a4371e800
R12=0x000000de6d9fe3d8 is pointing into the stack for thread: 0x0000029a4371e800
R13=
[error occurred during error reporting (printing register info), id 0xc0000005, EXCEPTION_ACCESS_VIOLATION (0xc0000005) at pc=0x00007ffebd5e98df]

Registers:
RAX=0x0000000000000000, RBX=0x0000029a4371e800, RCX=0xfe350145d7e90000, RDX=0x0000000000000006
RSP=0x000000de6d9fe2d0, RBP=0x0000029a429c5d50, RSI=0x00007ffeb181de00, RDI=0x0000029a4371e800
R8 =0x0000000000000000, R9 =0x000000de6d9fe3d8, R10=0x000000de6d9fde64, R11=0x000000de6d9fe2c8
R12=0x000000de6d9fe3d8, R13=0x00000000ffffffff, R14=0x0000029a4371eb30, R15=0x0000000000000000
RIP=0x00007ffebd6d6449, EFLAGS=0x0000000000010206

Top of Stack: (sp=0x000000de6d9fe2d0)
0x000000de6d9fe2d0:   0000029a4371e800 00007ffeb181de00
0x000000de6d9fe2e0:   0000000000000000 0000029a4371eb30
0x000000de6d9fe2f0:   00007ffeaf901c60 00007fff023b39a0
0x000000de6d9fe300:   00007ffeafbae490 00007ffeb181de30
0x000000de6d9fe310:   0000000000009b79 00007ffebd48190e
0x000000de6d9fe320:   0000029a4371e800 0000029a429ff680
0x000000de6d9fe330:   0000029a00000533 00007ffebdb9d428
0x000000de6d9fe340:   000000de6d9ff0f0 00007ffebd6dc449
0x000000de6d9fe350:   0000029a4371eb30 0000029a4371e800
0x000000de6d9fe360:   00007ffe244128c7 00007ffeaf8fba80
0x000000de6d9fe370:   0000000000000000 0000029a43871af0
0x000000de6d9fe380:   0000000000000000 00007ffeae22feac
0x000000de6d9fe390:   0000029a43c4e61c 0000000000000000
0x000000de6d9fe3a0:   00007ffeb181de30 0000029a4371eb30
0x000000de6d9fe3b0:   0000029a4371eb30 00007ffeaf6e4a9d
0x000000de6d9fe3c0:   0000029a43c4e61c 0000000000000000 

Instructions: (pc=0x00007ffebd6d6449)
0x00007ffebd6d6349:   da ff 48 8b 5c 24 60 48 8b c5 48 8b 6c 24 68 48
0x00007ffebd6d6359:   8b 74 24 70 48 83 c4 40 41 5f 41 5e 5f c3 cc cc
0x00007ffebd6d6369:   cc cc cc cc cc cc cc 40 53 48 83 ec 20 8b 81 90
0x00007ffebd6d6379:   00 00 00 48 81 c1 d0 fc ff ff 05 55 21 ff ff 48
0x00007ffebd6d6389:   63 da 83 f8 01 76 05 e8 1b 3d 36 00 85 db 78 19
0x00007ffebd6d6399:   48 8b 0d 50 d7 62 00 48 85 c9 7e 05 48 3b d9 7f
0x00007ffebd6d63a9:   08 33 c0 48 83 c4 20 5b c3 83 c8 ff 48 83 c4 20
0x00007ffebd6d63b9:   5b c3 cc cc cc cc cc 48 89 5c 24 08 48 89 6c 24
0x00007ffebd6d63c9:   10 48 89 74 24 18 48 89 7c 24 20 41 54 41 56 41
0x00007ffebd6d63d9:   57 48 81 ec a0 00 00 00 8b 81 90 00 00 00 48 8d
0x00007ffebd6d63e9:   99 d0 fc ff ff 05 55 21 ff ff 4d 8b e1 4d 8b f8
0x00007ffebd6d63f9:   48 8b ea 4c 8b f1 83 f8 01 76 0d 48 8b cb 40 b6
0x00007ffebd6d6409:   01 e8 a1 3c 36 00 eb 03 40 32 f6 33 ff ba 06 00
0x00007ffebd6d6419:   00 00 40 84 f6 48 0f 44 fb 48 8b cf e8 f6 fc d5
0x00007ffebd6d6429:   ff 48 83 7f 08 00 48 89 7c 24 50 48 c7 44 24 58
0x00007ffebd6d6439:   00 00 00 00 74 0a 48 8d 4c 24 50 e8 d7 9b 28 00
0x00007ffebd6d6449:   49 8b 07 48 8d 4c 24 70 c7 44 24 40 04 00 00 00
0x00007ffebd6d6459:   48 8b 50 08 0f b7 42 2c 48 8b 52 08 48 8b 54 c2
0x00007ffebd6d6469:   40 e8 11 af 2d 00 c7 84 24 88 00 00 00 63 00 00
0x00007ffebd6d6479:   00 48 8d 05 27 71 4c 00 48 89 44 24 70 48 c7 84
0x00007ffebd6d6489:   24 90 00 00 00 00 00 00 00 4c 89 a4 24 98 00 00
0x00007ffebd6d6499:   00 40 f6 c5 01 74 0c 48 8d 4d ff ff 15 ee a8 62
0x00007ffebd6d64a9:   00 eb 09 48 8b cd ff 15 db a8 62 00 48 8b c8 e8
0x00007ffebd6d64b9:   73 72 fb ff 48 8b d7 48 8b c8 4c 8b 00 41 ff 90
0x00007ffebd6d64c9:   b0 00 00 00 48 83 7f 08 00 75 35 48 8d 44 24 70
0x00007ffebd6d64d9:   48 89 7c 24 30 48 89 44 24 28 48 8d 54 24 40 45
0x00007ffebd6d64e9:   33 c9 4c 89 7c 24 20 45 33 c0 49 8b ce e8 f5 a4
0x00007ffebd6d64f9:   00 00 48 83 7f 08 00 75 07 0f b6 6c 24 48 eb 03
0x00007ffebd6d6509:   40 32 ed 48 83 7c 24 58 00 74 0a 48 8d 4c 24 50
0x00007ffebd6d6519:   e8 a2 9b 28 00 48 8b 9f f0 00 00 00 48 8b 43 10
0x00007ffebd6d6529:   48 8b 73 08 48 83 38 00 74 19 48 8b 53 28 48 8b
0x00007ffebd6d6539:   ce e8 21 f8 cd ff 48 8b 4b 10 e8 f8 f7 cd ff 48 


Stack slot to memory mapping:
stack at sp + 0 slots: 0x0000029a4371e800 is a thread
stack at sp + 1 slots: 0x00007ffeb181de00 jfxwebkit.dll
stack at sp + 2 slots: 0x0 is NULL
stack at sp + 3 slots: 0x0000029a4371eb30 points into unknown readable memory: f0 4d d0 bd fe 7f 00 00
stack at sp + 4 slots: 0x00007ffeaf901c60 jfxwebkit.dll
stack at sp + 5 slots: 0x00007fff023b39a0 ucrtbase.dll
stack at sp + 6 slots: 0x00007ffeafbae490 jfxwebkit.dll
stack at sp + 7 slots: 0x00007ffeb181de30 jfxwebkit.dll


---------------  P R O C E S S  ---------------

Threads class SMR info:
_java_thread_list=0x0000029a43754fb0, length=13, elements={
0x0000029a259a6800, 0x0000029a429ba800, 0x0000029a429bc000, 0x0000029a429d7800,
0x0000029a429d9800, 0x0000029a429db000, 0x0000029a429eb000, 0x0000029a429fc000,
0x0000029a43461000, 0x0000029a43493800, 0x0000029a436e3800, 0x0000029a4371d000,
0x0000029a4371e800
}

Java Threads: ( => current thread )
  0x0000029a259a6800 JavaThread "main" [_thread_blocked, id=23236, stack(0x000000de6c600000,0x000000de6c700000)]
  0x0000029a429ba800 JavaThread "Reference Handler" daemon [_thread_blocked, id=18708, stack(0x000000de6cd00000,0x000000de6ce00000)]
  0x0000029a429bc000 JavaThread "Finalizer" daemon [_thread_blocked, id=22236, stack(0x000000de6ce00000,0x000000de6cf00000)]
  0x0000029a429d7800 JavaThread "Signal Dispatcher" daemon [_thread_blocked, id=17548, stack(0x000000de6cf00000,0x000000de6d000000)]
  0x0000029a429d9800 JavaThread "Attach Listener" daemon [_thread_blocked, id=22148, stack(0x000000de6d000000,0x000000de6d100000)]
  0x0000029a429db000 JavaThread "C2 CompilerThread0" daemon [_thread_blocked, id=8824, stack(0x000000de6d100000,0x000000de6d200000)]
  0x0000029a429eb000 JavaThread "C1 CompilerThread0" daemon [_thread_blocked, id=18608, stack(0x000000de6d200000,0x000000de6d300000)]
  0x0000029a429fc000 JavaThread "Sweeper thread" daemon [_thread_blocked, id=13748, stack(0x000000de6d300000,0x000000de6d400000)]
  0x0000029a43461000 JavaThread "Service Thread" daemon [_thread_blocked, id=23632, stack(0x000000de6d400000,0x000000de6d500000)]
  0x0000029a43493800 JavaThread "Common-Cleaner" daemon [_thread_blocked, id=8620, stack(0x000000de6d600000,0x000000de6d700000)]
  0x0000029a436e3800 JavaThread "QuantumRenderer-0" daemon [_thread_blocked, id=17296, stack(0x000000de6d700000,0x000000de6d800000)]
  0x0000029a4371d000 JavaThread "Thread-1" daemon [_thread_blocked, id=6484, stack(0x000000de6d800000,0x000000de6d900000)]
=>0x0000029a4371e800 JavaThread "JavaFX Application Thread" [_thread_in_vm, id=6640, stack(0x000000de6d900000,0x000000de6da00000)]

Other Threads:
  0x0000029a429b8000 VMThread "VM Thread" [stack: 0x000000de6cc00000,0x000000de6cd00000] [id=680]
  0x0000029a4348e800 WatcherThread [stack: 0x000000de6d500000,0x000000de6d600000] [id=14204]
  0x0000029a259de000 GCTaskThread "GC Thread#0" [stack: 0x000000de6c700000,0x000000de6c800000] [id=11360]
  0x0000029a259ea000 ConcurrentGCThread "G1 Main Marker" [stack: 0x000000de6c800000,0x000000de6c900000] [id=10696]
  0x0000029a259ef800 ConcurrentGCThread "G1 Conc#0" [stack: 0x000000de6c900000,0x000000de6ca00000] [id=12404]
  0x0000029a25a62000 ConcurrentGCThread "G1 Refine#0" [stack: 0x000000de6ca00000,0x000000de6cb00000] [id=16124]
  0x0000029a25a63000 ConcurrentGCThread "G1 Young RemSet Sampling" [stack: 0x000000de6cb00000,0x000000de6cc00000] [id=16092]

Threads with active compile tasks:

VM state:not at safepoint (normal execution)

VM Mutex/Monitor currently owned by a thread: None

Heap address: 0x00000000a2c00000, size: 1492 MB, Compressed Oops mode: 32-bit
Narrow klass base: 0x0000000800000000, Narrow klass shift: 3
Compressed class space size: 1073741824 Address: 0x0000000801190000

Heap:
 garbage-first heap   total 96256K, used 7168K [0x00000000a2c00000, 0x0000000100000000)
  region size 1024K, 8 young (8192K), 0 survivors (0K)
 Metaspace       used 3947K, capacity 7394K, committed 7552K, reserved 1056768K
  class space    used 431K, capacity 790K, committed 896K, reserved 1048576K
Heap Regions: E=young(eden), S=young(survivor), O=old, HS=humongous(starts), HC=humongous(continues), CS=collection set, F=free, A=archive, TAMS=top-at-mark-start (previous, next)
|   0|0x00000000a2c00000, 0x00000000a2d00000, 0x00000000a2d00000|100%|HS|  |TAMS 0x00000000a2c00000, 0x00000000a2c00000| Complete 
|   1|0x00000000a2d00000, 0x00000000a2d00000, 0x00000000a2e00000|  0%| F|  |TAMS 0x00000000a2d00000, 0x00000000a2d00000| Untracked 
|   2|0x00000000a2e00000, 0x00000000a2e00000, 0x00000000a2f00000|  0%| F|  |TAMS 0x00000000a2e00000, 0x00000000a2e00000| Untracked 
|   3|0x00000000a2f00000, 0x00000000a2f00000, 0x00000000a3000000|  0%| F|  |TAMS 0x00000000a2f00000, 0x00000000a2f00000| Untracked 
|   4|0x00000000a3000000, 0x00000000a3000000, 0x00000000a3100000|  0%| F|  |TAMS 0x00000000a3000000, 0x00000000a3000000| Untracked 
|   5|0x00000000a3100000, 0x00000000a3100000, 0x00000000a3200000|  0%| F|  |TAMS 0x00000000a3100000, 0x00000000a3100000| Untracked 
|   6|0x00000000a3200000, 0x00000000a3200000, 0x00000000a3300000|  0%| F|  |TAMS 0x00000000a3200000, 0x00000000a3200000| Untracked 
|   7|0x00000000a3300000, 0x00000000a3300000, 0x00000000a3400000|  0%| F|  |TAMS 0x00000000a3300000, 0x00000000a3300000| Untracked 
|   8|0x00000000a3400000, 0x00000000a3400000, 0x00000000a3500000|  0%| F|  |TAMS 0x00000000a3400000, 0x00000000a3400000| Untracked 
|   9|0x00000000a3500000, 0x00000000a3500000, 0x00000000a3600000|  0%| F|  |TAMS 0x00000000a3500000, 0x00000000a3500000| Untracked 
|  10|0x00000000a3600000, 0x00000000a3600000, 0x00000000a3700000|  0%| F|  |TAMS 0x00000000a3600000, 0x00000000a3600000| Untracked 
|  11|0x00000000a3700000, 0x00000000a3700000, 0x00000000a3800000|  0%| F|  |TAMS 0x00000000a3700000, 0x00000000a3700000| Untracked 
|  12|0x00000000a3800000, 0x00000000a3800000, 0x00000000a3900000|  0%| F|  |TAMS 0x00000000a3800000, 0x00000000a3800000| Untracked 
|  13|0x00000000a3900000, 0x00000000a3900000, 0x00000000a3a00000|  0%| F|  |TAMS 0x00000000a3900000, 0x00000000a3900000| Untracked 
|  14|0x00000000a3a00000, 0x00000000a3a00000, 0x00000000a3b00000|  0%| F|  |TAMS 0x00000000a3a00000, 0x00000000a3a00000| Untracked 
|  15|0x00000000a3b00000, 0x00000000a3b00000, 0x00000000a3c00000|  0%| F|  |TAMS 0x00000000a3b00000, 0x00000000a3b00000| Untracked 
|  16|0x00000000a3c00000, 0x00000000a3c00000, 0x00000000a3d00000|  0%| F|  |TAMS 0x00000000a3c00000, 0x00000000a3c00000| Untracked 
|  17|0x00000000a3d00000, 0x00000000a3d00000, 0x00000000a3e00000|  0%| F|  |TAMS 0x00000000a3d00000, 0x00000000a3d00000| Untracked 
|  18|0x00000000a3e00000, 0x00000000a3e00000, 0x00000000a3f00000|  0%| F|  |TAMS 0x00000000a3e00000, 0x00000000a3e00000| Untracked 
|  19|0x00000000a3f00000, 0x00000000a3f00000, 0x00000000a4000000|  0%| F|  |TAMS 0x00000000a3f00000, 0x00000000a3f00000| Untracked 
|  20|0x00000000a4000000, 0x00000000a4000000, 0x00000000a4100000|  0%| F|  |TAMS 0x00000000a4000000, 0x00000000a4000000| Untracked 
|  21|0x00000000a4100000, 0x00000000a4100000, 0x00000000a4200000|  0%| F|  |TAMS 0x00000000a4100000, 0x00000000a4100000| Untracked 
|  22|0x00000000a4200000, 0x00000000a4200000, 0x00000000a4300000|  0%| F|  |TAMS 0x00000000a4200000, 0x00000000a4200000| Untracked 
|  23|0x00000000a4300000, 0x00000000a4300000, 0x00000000a4400000|  0%| F|  |TAMS 0x00000000a4300000, 0x00000000a4300000| Untracked 
|  24|0x00000000a4400000, 0x00000000a4400000, 0x00000000a4500000|  0%| F|  |TAMS 0x00000000a4400000, 0x00000000a4400000| Untracked 
|  25|0x00000000a4500000, 0x00000000a4500000, 0x00000000a4600000|  0%| F|  |TAMS 0x00000000a4500000, 0x00000000a4500000| Untracked 
|  26|0x00000000a4600000, 0x00000000a4600000, 0x00000000a4700000|  0%| F|  |TAMS 0x00000000a4600000, 0x00000000a4600000| Untracked 
|  27|0x00000000a4700000, 0x00000000a4700000, 0x00000000a4800000|  0%| F|  |TAMS 0x00000000a4700000, 0x00000000a4700000| Untracked 
|  28|0x00000000a4800000, 0x00000000a4800000, 0x00000000a4900000|  0%| F|  |TAMS 0x00000000a4800000, 0x00000000a4800000| Untracked 
|  29|0x00000000a4900000, 0x00000000a4900000, 0x00000000a4a00000|  0%| F|  |TAMS 0x00000000a4900000, 0x00000000a4900000| Untracked 
|  30|0x00000000a4a00000, 0x00000000a4a00000, 0x00000000a4b00000|  0%| F|  |TAMS 0x00000000a4a00000, 0x00000000a4a00000| Untracked 
|  31|0x00000000a4b00000, 0x00000000a4b00000, 0x00000000a4c00000|  0%| F|  |TAMS 0x00000000a4b00000, 0x00000000a4b00000| Untracked 
|  32|0x00000000a4c00000, 0x00000000a4c00000, 0x00000000a4d00000|  0%| F|  |TAMS 0x00000000a4c00000, 0x00000000a4c00000| Untracked 
|  33|0x00000000a4d00000, 0x00000000a4d00000, 0x00000000a4e00000|  0%| F|  |TAMS 0x00000000a4d00000, 0x00000000a4d00000| Untracked 
|  34|0x00000000a4e00000, 0x00000000a4e00000, 0x00000000a4f00000|  0%| F|  |TAMS 0x00000000a4e00000, 0x00000000a4e00000| Untracked 
|  35|0x00000000a4f00000, 0x00000000a4f00000, 0x00000000a5000000|  0%| F|  |TAMS 0x00000000a4f00000, 0x00000000a4f00000| Untracked 
|  36|0x00000000a5000000, 0x00000000a5000000, 0x00000000a5100000|  0%| F|  |TAMS 0x00000000a5000000, 0x00000000a5000000| Untracked 
|  37|0x00000000a5100000, 0x00000000a5100000, 0x00000000a5200000|  0%| F|  |TAMS 0x00000000a5100000, 0x00000000a5100000| Untracked 
|  38|0x00000000a5200000, 0x00000000a5200000, 0x00000000a5300000|  0%| F|  |TAMS 0x00000000a5200000, 0x00000000a5200000| Untracked 
|  39|0x00000000a5300000, 0x00000000a5300000, 0x00000000a5400000|  0%| F|  |TAMS 0x00000000a5300000, 0x00000000a5300000| Untracked 
|  40|0x00000000a5400000, 0x00000000a5400000, 0x00000000a5500000|  0%| F|  |TAMS 0x00000000a5400000, 0x00000000a5400000| Untracked 
|  41|0x00000000a5500000, 0x00000000a5500000, 0x00000000a5600000|  0%| F|  |TAMS 0x00000000a5500000, 0x00000000a5500000| Untracked 
|  42|0x00000000a5600000, 0x00000000a5600000, 0x00000000a5700000|  0%| F|  |TAMS 0x00000000a5600000, 0x00000000a5600000| Untracked 
|  43|0x00000000a5700000, 0x00000000a5700000, 0x00000000a5800000|  0%| F|  |TAMS 0x00000000a5700000, 0x00000000a5700000| Untracked 
|  44|0x00000000a5800000, 0x00000000a5800000, 0x00000000a5900000|  0%| F|  |TAMS 0x00000000a5800000, 0x00000000a5800000| Untracked 
|  45|0x00000000a5900000, 0x00000000a5900000, 0x00000000a5a00000|  0%| F|  |TAMS 0x00000000a5900000, 0x00000000a5900000| Untracked 
|  46|0x00000000a5a00000, 0x00000000a5a00000, 0x00000000a5b00000|  0%| F|  |TAMS 0x00000000a5a00000, 0x00000000a5a00000| Untracked 
|  47|0x00000000a5b00000, 0x00000000a5b00000, 0x00000000a5c00000|  0%| F|  |TAMS 0x00000000a5b00000, 0x00000000a5b00000| Untracked 
|  48|0x00000000a5c00000, 0x00000000a5c00000, 0x00000000a5d00000|  0%| F|  |TAMS 0x00000000a5c00000, 0x00000000a5c00000| Untracked 
|  49|0x00000000a5d00000, 0x00000000a5d00000, 0x00000000a5e00000|  0%| F|  |TAMS 0x00000000a5d00000, 0x00000000a5d00000| Untracked 
|  50|0x00000000a5e00000, 0x00000000a5e00000, 0x00000000a5f00000|  0%| F|  |TAMS 0x00000000a5e00000, 0x00000000a5e00000| Untracked 
|  51|0x00000000a5f00000, 0x00000000a5f00000, 0x00000000a6000000|  0%| F|  |TAMS 0x00000000a5f00000, 0x00000000a5f00000| Untracked 
|  52|0x00000000a6000000, 0x00000000a6000000, 0x00000000a6100000|  0%| F|  |TAMS 0x00000000a6000000, 0x00000000a6000000| Untracked 
|  53|0x00000000a6100000, 0x00000000a6100000, 0x00000000a6200000|  0%| F|  |TAMS 0x00000000a6100000, 0x00000000a6100000| Untracked 
|  54|0x00000000a6200000, 0x00000000a6200000, 0x00000000a6300000|  0%| F|  |TAMS 0x00000000a6200000, 0x00000000a6200000| Untracked 
|  55|0x00000000a6300000, 0x00000000a6300000, 0x00000000a6400000|  0%| F|  |TAMS 0x00000000a6300000, 0x00000000a6300000| Untracked 
|  56|0x00000000a6400000, 0x00000000a6400000, 0x00000000a6500000|  0%| F|  |TAMS 0x00000000a6400000, 0x00000000a6400000| Untracked 
|  57|0x00000000a6500000, 0x00000000a6500000, 0x00000000a6600000|  0%| F|  |TAMS 0x00000000a6500000, 0x00000000a6500000| Untracked 
|  58|0x00000000a6600000, 0x00000000a6600000, 0x00000000a6700000|  0%| F|  |TAMS 0x00000000a6600000, 0x00000000a6600000| Untracked 
|  59|0x00000000a6700000, 0x00000000a6700000, 0x00000000a6800000|  0%| F|  |TAMS 0x00000000a6700000, 0x00000000a6700000| Untracked 
|  60|0x00000000a6800000, 0x00000000a6800000, 0x00000000a6900000|  0%| F|  |TAMS 0x00000000a6800000, 0x00000000a6800000| Untracked 
|  61|0x00000000a6900000, 0x00000000a6900000, 0x00000000a6a00000|  0%| F|  |TAMS 0x00000000a6900000, 0x00000000a6900000| Untracked 
|  62|0x00000000a6a00000, 0x00000000a6a00000, 0x00000000a6b00000|  0%| F|  |TAMS 0x00000000a6a00000, 0x00000000a6a00000| Untracked 
|  63|0x00000000a6b00000, 0x00000000a6b00000, 0x00000000a6c00000|  0%| F|  |TAMS 0x00000000a6b00000, 0x00000000a6b00000| Untracked 
|  64|0x00000000a6c00000, 0x00000000a6c00000, 0x00000000a6d00000|  0%| F|  |TAMS 0x00000000a6c00000, 0x00000000a6c00000| Untracked 
|  65|0x00000000a6d00000, 0x00000000a6d00000, 0x00000000a6e00000|  0%| F|  |TAMS 0x00000000a6d00000, 0x00000000a6d00000| Untracked 
|  66|0x00000000a6e00000, 0x00000000a6e00000, 0x00000000a6f00000|  0%| F|  |TAMS 0x00000000a6e00000, 0x00000000a6e00000| Untracked 
|  67|0x00000000a6f00000, 0x00000000a6f00000, 0x00000000a7000000|  0%| F|  |TAMS 0x00000000a6f00000, 0x00000000a6f00000| Untracked 
|  68|0x00000000a7000000, 0x00000000a7000000, 0x00000000a7100000|  0%| F|  |TAMS 0x00000000a7000000, 0x00000000a7000000| Untracked 
|  69|0x00000000a7100000, 0x00000000a7100000, 0x00000000a7200000|  0%| F|  |TAMS 0x00000000a7100000, 0x00000000a7100000| Untracked 
|  70|0x00000000a7200000, 0x00000000a7200000, 0x00000000a7300000|  0%| F|  |TAMS 0x00000000a7200000, 0x00000000a7200000| Untracked 
|  71|0x00000000a7300000, 0x00000000a7300000, 0x00000000a7400000|  0%| F|  |TAMS 0x00000000a7300000, 0x00000000a7300000| Untracked 
|  72|0x00000000a7400000, 0x00000000a7400000, 0x00000000a7500000|  0%| F|  |TAMS 0x00000000a7400000, 0x00000000a7400000| Untracked 
|  73|0x00000000a7500000, 0x00000000a7500000, 0x00000000a7600000|  0%| F|  |TAMS 0x00000000a7500000, 0x00000000a7500000| Untracked 
|  74|0x00000000a7600000, 0x00000000a7600000, 0x00000000a7700000|  0%| F|  |TAMS 0x00000000a7600000, 0x00000000a7600000| Untracked 
|  75|0x00000000a7700000, 0x00000000a7700000, 0x00000000a7800000|  0%| F|  |TAMS 0x00000000a7700000, 0x00000000a7700000| Untracked 
|  76|0x00000000a7800000, 0x00000000a7800000, 0x00000000a7900000|  0%| F|  |TAMS 0x00000000a7800000, 0x00000000a7800000| Untracked 
|  77|0x00000000a7900000, 0x00000000a7900000, 0x00000000a7a00000|  0%| F|  |TAMS 0x00000000a7900000, 0x00000000a7900000| Untracked 
|  78|0x00000000a7a00000, 0x00000000a7a00000, 0x00000000a7b00000|  0%| F|  |TAMS 0x00000000a7a00000, 0x00000000a7a00000| Untracked 
|  79|0x00000000a7b00000, 0x00000000a7b00000, 0x00000000a7c00000|  0%| F|  |TAMS 0x00000000a7b00000, 0x00000000a7b00000| Untracked 
|  80|0x00000000a7c00000, 0x00000000a7c00000, 0x00000000a7d00000|  0%| F|  |TAMS 0x00000000a7c00000, 0x00000000a7c00000| Untracked 
|  81|0x00000000a7d00000, 0x00000000a7d00000, 0x00000000a7e00000|  0%| F|  |TAMS 0x00000000a7d00000, 0x00000000a7d00000| Untracked 
|  82|0x00000000a7e00000, 0x00000000a7e00000, 0x00000000a7f00000|  0%| F|  |TAMS 0x00000000a7e00000, 0x00000000a7e00000| Untracked 
|  83|0x00000000a7f00000, 0x00000000a7f00000, 0x00000000a8000000|  0%| F|  |TAMS 0x00000000a7f00000, 0x00000000a7f00000| Untracked 
|  84|0x00000000a8000000, 0x00000000a8000000, 0x00000000a8100000|  0%| F|  |TAMS 0x00000000a8000000, 0x00000000a8000000| Untracked 
|  85|0x00000000a8100000, 0x00000000a8100000, 0x00000000a8200000|  0%| F|  |TAMS 0x00000000a8100000, 0x00000000a8100000| Untracked 
|  86|0x00000000a8200000, 0x00000000a828fe70, 0x00000000a8300000| 56%| E|  |TAMS 0x00000000a8200000, 0x00000000a8200000| Complete 
|  87|0x00000000a8300000, 0x00000000a8400000, 0x00000000a8400000|100%| E|CS|TAMS 0x00000000a8300000, 0x00000000a8300000| Complete 
|  88|0x00000000a8400000, 0x00000000a8500000, 0x00000000a8500000|100%| E|CS|TAMS 0x00000000a8400000, 0x00000000a8400000| Complete 
|  89|0x00000000a8500000, 0x00000000a8600000, 0x00000000a8600000|100%| E|  |TAMS 0x00000000a8500000, 0x00000000a8500000| Complete 
|  90|0x00000000a8600000, 0x00000000a8700000, 0x00000000a8700000|100%| E|CS|TAMS 0x00000000a8600000, 0x00000000a8600000| Complete 
|  91|0x00000000a8700000, 0x00000000a8800000, 0x00000000a8800000|100%| E|CS|TAMS 0x00000000a8700000, 0x00000000a8700000| Complete 
|  92|0x00000000a8800000, 0x00000000a8900000, 0x00000000a8900000|100%| E|CS|TAMS 0x00000000a8800000, 0x00000000a8800000| Complete 
|  93|0x00000000a8900000, 0x00000000a8a00000, 0x00000000a8a00000|100%| E|CS|TAMS 0x00000000a8900000, 0x00000000a8900000| Complete 

Card table byte_map: [0x0000029a3d090000,0x0000029a3d380000] _byte_map_base: 0x0000029a3cb7a000

Marking Bits (Prev, Next): (CMBitMap*) 0x0000029a259dfc98, (CMBitMap*) 0x0000029a259dfcd8
 Prev Bits: [0x0000029a3d670000, 0x0000029a3edc0000)
 Next Bits: [0x0000029a3edc0000, 0x0000029a40510000)

Polling page: 0x0000029a23820000

Metaspace:

Usage:
  Non-class:      6.45 MB capacity,     3.43 MB ( 53%) used,     3.00 MB ( 47%) free+waste,    10.94 KB ( <1%) overhead. 
      Class:    790.00 KB capacity,   431.27 KB ( 55%) used,   352.91 KB ( 45%) free+waste,     5.81 KB ( <1%) overhead. 
       Both:      7.22 MB capacity,     3.86 MB ( 53%) used,     3.35 MB ( 46%) free+waste,    16.75 KB ( <1%) overhead. 

Virtual space:
  Non-class space:        8.00 MB reserved,       6.50 MB ( 81%) committed 
      Class space:        1.00 GB reserved,     896.00 KB ( <1%) committed 
             Both:        1.01 GB reserved,       7.38 MB ( <1%) committed 

Chunk freelists:
   Non-Class:  6.50 KB
       Class:  1.25 KB
        Both:  7.75 KB

CodeHeap 'non-profiled nmethods': size=120064Kb used=158Kb max_used=158Kb free=119906Kb
 bounds [0x0000029a35860000, 0x0000029a35ad0000, 0x0000029a3cda0000]
CodeHeap 'profiled nmethods': size=120000Kb used=997Kb max_used=997Kb free=119002Kb
 bounds [0x0000029a2e330000, 0x0000029a2e5a0000, 0x0000029a35860000]
CodeHeap 'non-nmethods': size=5696Kb used=1152Kb max_used=1164Kb free=4543Kb
 bounds [0x0000029a2dda0000, 0x0000029a2e010000, 0x0000029a2e330000]
 total_blobs=1127 nmethods=533 adapters=385
 compilation: enabled
              stopped_count=0, restarted_count=0
 full_count=0

Compilation events (10 events):
Event: 0.701 Thread 0x0000029a429eb000 nmethod 527 0x0000029a2e426b90 code [0x0000029a2e426d60, 0x0000029a2e427010]
Event: 0.701 Thread 0x0000029a429eb000  528   !   3       jdk.internal.loader.URLClassPath$JarLoader::checkResource (78 bytes)
Event: 0.702 Thread 0x0000029a429eb000 nmethod 528 0x0000029a2e427110 code [0x0000029a2e427380, 0x0000029a2e427df0]
Event: 0.702 Thread 0x0000029a429eb000  532       3       java.util.jar.JarFile::getManifest (5 bytes)
Event: 0.702 Thread 0x0000029a429eb000 nmethod 532 0x0000029a2e428290 code [0x0000029a2e428460, 0x0000029a2e428610]
Event: 0.703 Thread 0x0000029a429eb000  533       3       java.lang.invoke.DirectMethodHandle$Holder::invokeStatic (19 bytes)
Event: 0.704 Thread 0x0000029a429eb000 nmethod 533 0x0000029a2e428690 code [0x0000029a2e428880, 0x0000029a2e428e40]
Event: 0.704 Thread 0x0000029a429eb000  534       3       java.lang.StringConcatHelper::prepend (37 bytes)
Event: 0.704 Thread 0x0000029a429eb000 nmethod 534 0x0000029a2e428f90 code [0x0000029a2e429180, 0x0000029a2e4294a0]
Event: 0.705 Thread 0x0000029a429db000 nmethod 531 0x0000029a35886f10 code [0x0000029a358870c0, 0x0000029a358875b8]

GC Heap History (0 events):
No events

Deoptimization events (5 events):
Event: 0.119 Thread 0x0000029a259a6800 Uncommon trap: reason=unstable_if action=reinterpret pc=0x0000029a35864c3c method=java.lang.String.hashCode()I @ 14 c2
Event: 0.406 Thread 0x0000029a436e3800 Uncommon trap: reason=profile_predicate action=maybe_recompile pc=0x0000029a35878d14 method=java.lang.StringLatin1.indexOf([BI[BII)I @ 18 c2
Event: 0.406 Thread 0x0000029a436e3800 Uncommon trap: reason=profile_predicate action=maybe_recompile pc=0x0000029a35878d14 method=java.lang.StringLatin1.indexOf([BI[BII)I @ 18 c2
Event: 0.406 Thread 0x0000029a436e3800 Uncommon trap: reason=profile_predicate action=maybe_recompile pc=0x0000029a35878d14 method=java.lang.StringLatin1.indexOf([BI[BII)I @ 18 c2
Event: 0.406 Thread 0x0000029a436e3800 Uncommon trap: reason=profile_predicate action=maybe_recompile pc=0x0000029a35878d14 method=java.lang.StringLatin1.indexOf([BI[BII)I @ 18 c2

Classes redefined (0 events):
No events

Internal exceptions (7 events):
Event: 0.449 Thread 0x0000029a259a6800 Exception <a 'java/lang/NoSuchMethodError'{0x00000000a862fd50}: java.lang.invoke.DirectMethodHandle$Holder.invokeStaticInit(Ljava/lang/Object;Ljava/lang/Object;Ljava/lang/Object;)I> (0x00000000a862fd50) thrown at [t:/workspace/open/src/hotspot/share/inter
Event: 0.458 Thread 0x0000029a259a6800 Exception <a 'java/lang/NoSuchMethodError'{0x00000000a863abe8}: java.lang.invoke.DirectMethodHandle$Holder.invokeSpecial(Ljava/lang/Object;Ljava/lang/Object;)V> (0x00000000a863abe8) thrown at [t:/workspace/open/src/hotspot/share/interpreter/linkResolver.c
Event: 0.493 Thread 0x0000029a259a6800 Exception <a 'java/lang/NoSuchMethodError'{0x00000000a86eaee0}: java.lang.invoke.DirectMethodHandle$Holder.invokeStatic(Ljava/lang/Object;Ljava/lang/Object;ILjava/lang/Object;)Ljava/lang/Object;> (0x00000000a86eaee0) thrown at [t:/workspace/open/src/hotsp
Event: 0.494 Thread 0x0000029a259a6800 Exception <a 'java/lang/NoSuchMethodError'{0x00000000a86f0ef8}: java.lang.invoke.Invokers$Holder.linkToTargetMethod(Ljava/lang/Object;ILjava/lang/Object;Ljava/lang/Object;)Ljava/lang/Object;> (0x00000000a86f0ef8) thrown at [t:/workspace/open/src/hotspot/s
Event: 0.591 Thread 0x0000029a4371e800 Exception <a 'java/lang/NoSuchMethodError'{0x00000000a85fe578}: java.lang.invoke.DirectMethodHandle$Holder.invokeStaticInit(Ljava/lang/Object;)V> (0x00000000a85fe578) thrown at [t:/workspace/open/src/hotspot/share/interpreter/linkResolver.cpp, line 777]
Event: 0.622 Thread 0x0000029a4371e800 Exception <a 'java/lang/NoSuchMethodError'{0x00000000a8329398}: java.lang.invoke.DirectMethodHandle$Holder.invokeSpecial(Ljava/lang/Object;Ljava/lang/Object;Ljava/lang/Object;Ljava/lang/Object;)I> (0x00000000a8329398) thrown at [t:/workspace/open/src/hots
Event: 0.713 Thread 0x0000029a4371e800 Exception <a 'java/lang/NoSuchMethodError'{0x00000000a82864e0}: fwkIsMainThread> (0x00000000a82864e0) thrown at [t:/workspace/open/src/hotspot/share/prims/jni.cpp, line 1331]

Events (10 events):
Event: 0.701 loading class com/sun/javafx/webkit/Accessor
Event: 0.701 loading class com/sun/javafx/webkit/Accessor done
Event: 0.701 loading class com/sun/javafx/webkit/theme/ScrollBarThemeImpl$ScrollBarWidget
Event: 0.701 loading class com/sun/javafx/webkit/theme/ScrollBarThemeImpl$ScrollBarWidget done
Event: 0.701 loading class com/sun/javafx/webkit/Accessor
Event: 0.701 loading class com/sun/javafx/webkit/Accessor done
Event: 0.702 loading class com/sun/javafx/webkit/theme/ScrollBarThemeImpl$1
Event: 0.702 loading class com/sun/javafx/webkit/theme/ScrollBarThemeImpl$1 done
Event: 0.712 loading class com/sun/webkit/MainThread
Event: 0.712 loading class com/sun/webkit/MainThread done


Dynamic libraries:
0x00007ff6b8140000 - 0x00007ff6b814f000 	C:\Program Files\Java\jdk-12.0.2\bin\javaw.exe
0x00007fff04940000 - 0x00007fff04b30000 	C:\WINDOWS\SYSTEM32\ntdll.dll
0x00007fff029f0000 - 0x00007fff02aa2000 	C:\WINDOWS\System32\KERNEL32.DLL
0x00007fff018d0000 - 0x00007fff01b73000 	C:\WINDOWS\System32\KERNELBASE.dll
0x00007ffeffa90000 - 0x00007ffeffb1f000 	C:\WINDOWS\SYSTEM32\apphelp.dll
0x00007fff023a0000 - 0x00007fff0249a000 	C:\WINDOWS\System32\ucrtbase.dll
0x00007ffee8410000 - 0x00007ffee8428000 	C:\Program Files\Java\jdk-12.0.2\bin\jli.dll
0x00007fff03010000 - 0x00007fff030b3000 	C:\WINDOWS\System32\ADVAPI32.dll
0x00007fff02cb0000 - 0x00007fff02d4e000 	C:\WINDOWS\System32\msvcrt.dll
0x00007fff02f10000 - 0x00007fff02fa7000 	C:\WINDOWS\System32\sechost.dll
0x00007fff040d0000 - 0x00007fff041f0000 	C:\WINDOWS\System32\RPCRT4.dll
0x00007fff02b10000 - 0x00007fff02ca4000 	C:\WINDOWS\System32\USER32.dll
0x00007fff029c0000 - 0x00007fff029e1000 	C:\WINDOWS\System32\win32u.dll
0x00007fff03600000 - 0x00007fff03626000 	C:\WINDOWS\System32\GDI32.dll
0x00007fff02820000 - 0x00007fff029b4000 	C:\WINDOWS\System32\gdi32full.dll
0x00007fff01b80000 - 0x00007fff01c1e000 	C:\WINDOWS\System32\msvcp_win.dll
0x00007ffeed5d0000 - 0x00007ffeed855000 	C:\WINDOWS\WinSxS\amd64_microsoft.windows.common-controls_6595b64144ccf1df_6.0.18362.657_none_e6c5b579130e3898\COMCTL32.dll
0x00007fff03210000 - 0x00007fff03546000 	C:\WINDOWS\System32\combase.dll
0x00007fff02750000 - 0x00007fff027d0000 	C:\WINDOWS\System32\bcryptPrimitives.dll
0x00007ffede020000 - 0x00007ffede036000 	C:\Program Files\Java\jdk-12.0.2\bin\VCRUNTIME140.dll
0x00007ffef2b00000 - 0x00007ffef2b0a000 	C:\WINDOWS\SYSTEM32\VERSION.dll
0x00007fff039b0000 - 0x00007fff039de000 	C:\WINDOWS\System32\IMM32.DLL
0x00007ffedd3d0000 - 0x00007ffedd47a000 	C:\Program Files\Java\jdk-12.0.2\bin\msvcp140.dll
0x00007ffebd2f0000 - 0x00007ffebde67000 	C:\Program Files\Java\jdk-12.0.2\bin\server\jvm.dll
0x00007fff036a0000 - 0x00007fff036a8000 	C:\WINDOWS\System32\PSAPI.DLL
0x00007ffefe4e0000 - 0x00007ffefe504000 	C:\WINDOWS\SYSTEM32\WINMM.dll
0x00007ffef2540000 - 0x00007ffef2549000 	C:\WINDOWS\SYSTEM32\WSOCK32.dll
0x00007fff03630000 - 0x00007fff0369f000 	C:\WINDOWS\System32\WS2_32.dll
0x00007ffefe4a0000 - 0x00007ffefe4cd000 	C:\WINDOWS\SYSTEM32\winmmbase.dll
0x00007fff027d0000 - 0x00007fff0281a000 	C:\WINDOWS\System32\cfgmgr32.dll
0x00007fff01820000 - 0x00007fff01831000 	C:\WINDOWS\System32\kernel.appcore.dll
0x00007ffeddff0000 - 0x00007ffede001000 	C:\Program Files\Java\jdk-12.0.2\bin\verify.dll
0x00007ffeeefc0000 - 0x00007ffeef1b4000 	C:\WINDOWS\SYSTEM32\DBGHELP.DLL
0x00007ffeee9d0000 - 0x00007ffeee9fa000 	C:\WINDOWS\SYSTEM32\dbgcore.DLL
0x00007ffedd890000 - 0x00007ffedd8b6000 	C:\Program Files\Java\jdk-12.0.2\bin\java.dll
0x00007ffedd0c0000 - 0x00007ffedd0d7000 	C:\Program Files\Java\jdk-12.0.2\bin\zip.dll
0x00007ffee9000000 - 0x00007ffee900a000 	C:\Program Files\Java\jdk-12.0.2\bin\jimage.dll
0x00007fff039e0000 - 0x00007fff040c5000 	C:\WINDOWS\System32\SHELL32.dll
0x00007fff02de0000 - 0x00007fff02e89000 	C:\WINDOWS\System32\shcore.dll
0x00007fff01c20000 - 0x00007fff0239f000 	C:\WINDOWS\System32\windows.storage.dll
0x00007fff018b0000 - 0x00007fff018cf000 	C:\WINDOWS\System32\profapi.dll
0x00007fff01840000 - 0x00007fff0188a000 	C:\WINDOWS\System32\powrprof.dll
0x00007fff01810000 - 0x00007fff01820000 	C:\WINDOWS\System32\UMPDC.dll
0x00007fff03950000 - 0x00007fff039a2000 	C:\WINDOWS\System32\shlwapi.dll
0x00007fff026a0000 - 0x00007fff026b7000 	C:\WINDOWS\System32\cryptsp.dll
0x00007ffee9030000 - 0x00007ffee9049000 	C:\Program Files\Java\jdk-12.0.2\bin\net.dll
0x00007ffef5740000 - 0x00007ffef5830000 	C:\WINDOWS\SYSTEM32\WINHTTP.dll
0x00007ffeefa80000 - 0x00007ffeefc56000 	C:\WINDOWS\SYSTEM32\urlmon.dll
0x00007ffeeff40000 - 0x00007ffef01e6000 	C:\WINDOWS\SYSTEM32\iertutil.dll
0x00007fff01250000 - 0x00007fff0125c000 	C:\WINDOWS\SYSTEM32\CRYPTBASE.DLL
0x00007fff01080000 - 0x00007fff010e7000 	C:\WINDOWS\system32\mswsock.dll
0x00007ffedd090000 - 0x00007ffedd0a3000 	C:\Program Files\Java\jdk-12.0.2\bin\nio.dll
0x00007ffeea6f0000 - 0x00007ffeea7df000 	C:\Windows\System32\msvcr120.dll
0x00007ffedd1a0000 - 0x00007ffedd246000 	C:\Windows\System32\msvcp120.dll
0x00007ffedd260000 - 0x00007ffedd283000 	C:\Program Files\Java\jre1.8.0_241\bin\prism_d3d.dll
0x00007ffecfe40000 - 0x00007ffed0007000 	C:\WINDOWS\system32\d3d9.dll
0x00007ffeffc60000 - 0x00007ffeffc8d000 	C:\WINDOWS\SYSTEM32\dwmapi.dll
0x00007fff00470000 - 0x00007fff00490000 	C:\WINDOWS\SYSTEM32\dxcore.dll
0x00007ffeffb70000 - 0x00007ffeffc09000 	C:\WINDOWS\system32\uxtheme.dll
0x00007ffedc330000 - 0x00007ffedc507000 	C:\WINDOWS\System32\DriverStore\FileRepository\k127153.inf_amd64_3f3936d8dec668b8\igdumdim64.dll
0x00007ffeb1a30000 - 0x00007ffeb4a2d000 	C:\WINDOWS\System32\DriverStore\FileRepository\k127153.inf_amd64_3f3936d8dec668b8\igd9dxva64.dll
0x00007fff03720000 - 0x00007fff03876000 	C:\WINDOWS\System32\ole32.dll
0x00007fff041f0000 - 0x00007fff042b4000 	C:\WINDOWS\System32\OLEAUT32.dll
0x00007ffedc960000 - 0x00007ffedc9a5000 	C:\Program Files\Java\jre1.8.0_241\bin\glass.dll
0x00007fff03880000 - 0x00007fff03950000 	C:\WINDOWS\System32\COMDLG32.dll
0x00007fff030d0000 - 0x00007fff03205000 	C:\WINDOWS\System32\MSCTF.dll
0x00007ffef6660000 - 0x00007ffef83f5000 	C:\WINDOWS\System32\DriverStore\FileRepository\k127153.inf_amd64_3f3936d8dec668b8\igc64.dll
0x00007ffeae1b0000 - 0x00007ffeb1a26000 	C:\Program Files\Java\jre1.8.0_241\bin\jfxwebkit.dll
0x00007fff00bf0000 - 0x00007fff00c23000 	C:\WINDOWS\system32\rsaenh.dll
0x00007fff02720000 - 0x00007fff02746000 	C:\WINDOWS\System32\bcrypt.dll

dbghelp: loaded successfully - version: 4.0.5 - missing functions: none
symbol engine: initialized successfully - sym options: 0x614 - pdb path: .;C:\Program Files\Java\jdk-12.0.2\bin;C:\WINDOWS\SYSTEM32;C:\WINDOWS\WinSxS\amd64_microsoft.windows.common-controls_6595b64144ccf1df_6.0.18362.657_none_e6c5b579130e3898;C:\Program Files\Java\jdk-12.0.2\bin\server;C:\Program Files\Java\jre1.8.0_241\bin;C:\WINDOWS\System32\DriverStore\FileRepository\k127153.inf_amd64_3f3936d8dec668b8

VM Arguments:
jvm_args: -Dfile.encoding=Cp1252 
java_command: com.sun.javafx.webkit.drt.DumpRenderTree
java_class_path (initial): C:\Users\JM2.0\Downloads\Quoridor\Quoridor\bin;C:\Users\JM2.0\Downloads\Quoridor\Quoridor\lib\jfxrt.jar
Launcher Type: SUN_STANDARD

[Global flags]
     intx CICompilerCount                          = 3                                         {product} {ergonomic}
     uint ConcGCThreads                            = 1                                         {product} {ergonomic}
     uint G1ConcRefinementThreads                  = 4                                         {product} {ergonomic}
   size_t G1HeapRegionSize                         = 1048576                                   {product} {ergonomic}
    uintx GCDrainStackTargetSize                   = 64                                        {product} {ergonomic}
   size_t InitialHeapSize                          = 98566144                                  {product} {ergonomic}
   size_t MarkStackSize                            = 4194304                                   {product} {ergonomic}
   size_t MaxHeapSize                              = 1564475392                                {product} {ergonomic}
   size_t MaxNewSize                               = 938475520                                 {product} {ergonomic}
   size_t MinHeapDeltaBytes                        = 1048576                                   {product} {ergonomic}
    uintx NonNMethodCodeHeapSize                   = 5830732                                {pd product} {ergonomic}
    uintx NonProfiledCodeHeapSize                  = 122913754                              {pd product} {ergonomic}
    uintx ProfiledCodeHeapSize                     = 122913754                              {pd product} {ergonomic}
    uintx ReservedCodeCacheSize                    = 251658240                              {pd product} {ergonomic}
     bool SegmentedCodeCache                       = true                                      {product} {ergonomic}
     bool UseCompressedClassPointers               = true                                 {lp64_product} {ergonomic}
     bool UseCompressedOops                        = true                                 {lp64_product} {ergonomic}
     bool UseG1GC                                  = true                                      {product} {ergonomic}
     bool UseLargePagesIndividualAllocation        = false                                  {pd product} {ergonomic}

Logging:
Log output configuration:
 #0: stdout all=warning uptime,level,tags
 #1: stderr all=off uptime,level,tags

Environment Variables:
JAVA_HOME=C:\Program Files\Java\jdk1.8.0_241
PATH=C:/Program Files/Java/jdk-12.0.2/bin/server;C:/Program Files/Java/jdk-12.0.2/bin;C:/Program Files/Java/jre1.8.0_241/bin/server;C:/Program Files/Java/jre1.8.0_241/bin;C:/Program Files/Java/jre1.8.0_241/lib/amd64;C:\Program Files (x86)\Common Files\Oracle\Java\javapath;C:\Program Files\Python38\Scripts\;C:\Program Files\Python38\;C:\WINDOWS\system32;C:\WINDOWS;C:\WINDOWS\System32\Wbem;C:\WINDOWS\System32\WindowsPowerShell\v1.0\;C:\Program Files (x86)\Skype\Phone\;C:\WINDOWS\System32\OpenSSH\;C:\Program Files\Git\cmd;C:\xampp\php;C:\composer;C:\Program Files\nodejs\;C:\Users\JM2.0\AppData\Local\Microsoft\WindowsApps;C:\xampp\mysql\bin;c:\Users\JM2.0\AppData\Local\Android\Sdk\platform-tools;C:\Program Files\JetBrains\WebStorm 2019.2.4\bin;;C:\Users\JM2.0\AppData\Roaming\Composer\vendor\bin;C:\Program Files\Python38\python.exe;C:\Program Files (x86)\Yarn\bin;C:\Users\JM2.0\AppData\Roaming\npm;C:\Users\JM2.0\AppData\Local\Programs\Microsoft VS Code\bin;C:\Program Files\JetBrains\IntelliJ IDEA 2019.3.2\bin;;C:\Users\JM2.0\Downloads;;C:\Users\JM2.0\Downloads;
USERNAME=JM2.0
OS=Windows_NT
PROCESSOR_IDENTIFIER=Intel64 Family 6 Model 142 Stepping 9, GenuineIntel



---------------  S Y S T E M  ---------------

OS: Windows 10 , 64 bit Build 18362 (10.0.18362.329)

CPU:total 4 (initial active 4) (2 cores per cpu, 2 threads per core) family 6 model 142 stepping 9, cmov, cx8, fxsr, mmx, sse, sse2, sse3, ssse3, sse4.1, sse4.2, popcnt, avx, avx2, aes, clmul, erms, 3dnowpref, lzcnt, ht, tsc, tscinvbit, bmi1, bmi2, adx, fma

Memory: 4k page, system-wide physical 5962M (582M free)
TotalPageFile size 24393M (AvailPageFile size 6502M)
current process WorkingSet (physical memory assigned to process): 71M, peak: 71M
current process commit charge ("private bytes"): 193M, peak: 193M

vm_info: Java HotSpot(TM) 64-Bit Server VM (12.0.2+10) for windows-amd64 JRE (12.0.2+10), built on Jul 16 2019 01:56:17 by "mach5one" with MS VC++ 15.5 (VS2017)

END.
